Started GET "/" for 127.0.0.1 at 2023-06-02 19:08:25 +0900
Processing by Rails::WelcomeController#index as HTML
  Rendering /Users/emilia/.rbenv/versions/3.1.2/lib/ruby/gems/3.1.0/gems/railties-7.0.5/lib/rails/templates/rails/welcome/index.html.erb
  Rendered /Users/emilia/.rbenv/versions/3.1.2/lib/ruby/gems/3.1.0/gems/railties-7.0.5/lib/rails/templates/rails/welcome/index.html.erb (Duration: 3.0ms | Allocations: 629)
Completed 200 OK in 29ms (Views: 10.2ms | ActiveRecord: 0.0ms | Allocations: 5528)


Started GET "/ask" for 127.0.0.1 at 2023-06-02 19:08:45 +0900
Processing by QuestionsController#ask as HTML
  Rendering layout layouts/application.html.erb
  Rendering questions/ask.html.erb within layouts/application
  Rendered questions/ask.html.erb within layouts/application (Duration: 0.6ms | Allocations: 135)
  Rendered layout layouts/application.html.erb (Duration: 288.1ms | Allocations: 70776)
Completed 200 OK in 291ms (Views: 289.6ms | ActiveRecord: 0.0ms | Allocations: 71849)


Started GET "/answer?question=yo" for 127.0.0.1 at 2023-06-02 19:16:12 +0900
Processing by QuestionsController#answer as HTML
  Parameters: {"question"=>"yo"}
  Rendering layout layouts/application.html.erb
  Rendering questions/answer.html.erb within layouts/application
  Rendered questions/answer.html.erb within layouts/application (Duration: 1.0ms | Allocations: 382)
  Rendered layout layouts/application.html.erb (Duration: 17.5ms | Allocations: 13657)
Completed 200 OK in 20ms (Views: 19.2ms | Allocations: 14677)


Started GET "/answer?question=yo" for 127.0.0.1 at 2023-06-02 19:17:25 +0900
Processing by QuestionsController#answer as HTML
  Parameters: {"question"=>"yo"}
  Rendering layout layouts/application.html.erb
  Rendering questions/answer.html.erb within layouts/application
  Rendered questions/answer.html.erb within layouts/application (Duration: 0.9ms | Allocations: 328)
  Rendered layout layouts/application.html.erb (Duration: 5.7ms | Allocations: 3153)
Completed 200 OK in 8ms (Views: 7.3ms | Allocations: 4046)


Started GET "/answer?question=yo" for 127.0.0.1 at 2023-06-02 19:18:29 +0900
Processing by QuestionsController#answer as HTML
  Parameters: {"question"=>"yo"}
  Rendering layout layouts/application.html.erb
  Rendering questions/answer.html.erb within layouts/application
  Rendered questions/answer.html.erb within layouts/application (Duration: 0.9ms | Allocations: 331)
  Rendered layout layouts/application.html.erb (Duration: 6.6ms | Allocations: 3162)
Completed 200 OK in 10ms (Views: 8.4ms | Allocations: 4055)


Started GET "/answer?question=yo" for 127.0.0.1 at 2023-06-02 19:18:59 +0900
Processing by QuestionsController#answer as HTML
  Parameters: {"question"=>"yo"}
  Rendering layout layouts/application.html.erb
  Rendering questions/answer.html.erb within layouts/application
  Rendered questions/answer.html.erb within layouts/application (Duration: 0.6ms | Allocations: 327)
  Rendered layout layouts/application.html.erb (Duration: 4.3ms | Allocations: 3130)
Completed 200 OK in 8ms (Views: 6.0ms | Allocations: 4013)


Started GET "/ask" for 127.0.0.1 at 2023-06-02 19:19:04 +0900
Processing by QuestionsController#ask as HTML
  Rendering layout layouts/application.html.erb
  Rendering questions/ask.html.erb within layouts/application
  Rendered questions/ask.html.erb within layouts/application (Duration: 0.8ms | Allocations: 107)
  Rendered layout layouts/application.html.erb (Duration: 4.4ms | Allocations: 2498)
Completed 200 OK in 6ms (Views: 5.0ms | Allocations: 2811)


Started GET "/answer?question=NO+way" for 127.0.0.1 at 2023-06-02 19:19:12 +0900
Processing by QuestionsController#answer as HTML
  Parameters: {"question"=>"NO way"}
  Rendering layout layouts/application.html.erb
  Rendering questions/answer.html.erb within layouts/application
  Rendered questions/answer.html.erb within layouts/application (Duration: 0.2ms | Allocations: 47)
  Rendered layout layouts/application.html.erb (Duration: 4.1ms | Allocations: 2431)
Completed 200 OK in 5ms (Views: 4.5ms | Allocations: 2690)


Started GET "/ask" for 127.0.0.1 at 2023-06-02 19:19:17 +0900
Processing by QuestionsController#ask as HTML
  Rendering layout layouts/application.html.erb
  Rendering questions/ask.html.erb within layouts/application
  Rendered questions/ask.html.erb within layouts/application (Duration: 0.0ms | Allocations: 7)
  Rendered layout layouts/application.html.erb (Duration: 4.0ms | Allocations: 2395)
Completed 200 OK in 5ms (Views: 4.5ms | Allocations: 2639)


Started GET "/ask" for 127.0.0.1 at 2023-06-02 19:20:37 +0900
Processing by QuestionsController#ask as HTML
  Rendering layout layouts/application.html.erb
  Rendering questions/ask.html.erb within layouts/application
  Rendered questions/ask.html.erb within layouts/application (Duration: 0.0ms | Allocations: 7)
  Rendered layout layouts/application.html.erb (Duration: 3.3ms | Allocations: 2389)
Completed 200 OK in 4ms (Views: 3.8ms | Allocations: 2631)


